C51 COMPILER V9.60.0.0   LCDTRY                                                            10/05/2021 20:25:01 PAGE 1   


C51 COMPILER V9.60.0.0, COMPILATION OF MODULE LCDTRY
OBJECT MODULE PLACED IN .\Objects\lcdtry.obj
COMPILER INVOKED BY: C:\Keil_v5\C51\BIN\C51.EXE lcdtry.c OPTIMIZE(8,SPEED) BROWSE DEBUG OBJECTEXTEND PRINT(.\Listings\lc
                    -dtry.lst) TABS(2) OBJECT(.\Objects\lcdtry.obj)

line level    source

   1          #include<reg52.h>
   2          
   3          sbit RS=P2^0;
   4          sbit RW=P2^1;
   5          sbit E=P2^2;
   6          
   7          void send_command(unsigned int command_value);
   8          void send_data(unsigned int data_value);
   9          void ms_delay(unsigned int time);
  10          
  11          
  12          
  13          void main(){
  14   1          send_command(0x38 );
  15   1          send_command(0x0E);
  16   1          send_command(0X1);
  17   1      
  18   1          while(1){
  19   2          send_data('d');
  20   2            ms_delay(1000);
  21   2          send_data('e');
  22   2              ms_delay(1000);
  23   2          send_data('r');
  24   2              ms_delay(1000);
  25   2          send_data('e');
  26   2              ms_delay(1000);
  27   2          send_data('k');
  28   2          send_command(0xC0);
  29   2      
  30   2          send_data('o');
  31   2              ms_delay(1000);
  32   2          send_data('g');
  33   2          break;
  34   2      
  35   2      
  36   2      }
  37   1      }  
  38          
  39          void send_command(unsigned int command_value){
  40   1          P1 = command_value;
  41   1          RW = 0;
  42   1          RS =0;
  43   1          E =1;
  44   1          ms_delay(10);
  45   1          E = 0;
  46   1      }
  47          
  48          
  49          void send_data(unsigned int data_value){
  50   1          P1 = data_value;
  51   1          RW = 0;
  52   1          RS =1;
  53   1          E =1;
  54   1          ms_delay(10);
C51 COMPILER V9.60.0.0   LCDTRY                                                            10/05/2021 20:25:01 PAGE 2   

  55   1          E = 0;
  56   1      }
  57          
  58          void ms_delay(unsigned int time){
  59   1        unsigned int i, j;
  60   1          for(i=0; i<time; i++){
  61   2              for(j=1; j<113; j++);
  62   2          }
  63   1      }


MODULE INFORMATION:   STATIC OVERLAYABLE
   CODE SIZE        =    165    ----
   CONSTANT SIZE    =   ----    ----
   XDATA SIZE       =   ----    ----
   PDATA SIZE       =   ----    ----
   DATA SIZE        =   ----    ----
   IDATA SIZE       =   ----    ----
   BIT SIZE         =   ----    ----
END OF MODULE INFORMATION.


C51 COMPILATION COMPLETE.  0 WARNING(S),  0 ERROR(S)
