C51 COMPILER V9.60.0.0   LED                                                               07/04/2021 19:08:22 PAGE 1   


C51 COMPILER V9.60.0.0, COMPILATION OF MODULE LED
OBJECT MODULE PLACED IN .\Objects\led.obj
COMPILER INVOKED BY: C:\Keil_v5\C51\BIN\C51.EXE led.c OPTIMIZE(8,SPEED) BROWSE DEBUG OBJECTEXTEND PRINT(.\Listings\led.l
                    -st) TABS(2) OBJECT(.\Objects\led.obj)

line level    source

   1          #include <reg51.h>
   2          
   3          void ms_delay(unsigned int time);
   4          
   5          void main()
   6          {
   7   1      
   8   1          while (1)
   9   1          {
  10   2              P1 = 0x0ff;
  11   2              ms_delay(1000);
  12   2              P1 = 0x00;
  13   2              ms_delay(1000);
  14   2          }
  15   1      }
  16          
  17          void ms_delay(unsigned int time)
  18          {
  19   1          unsigned int i, j;
  20   1          for (i = 0; i < time; i++)
  21   1          {
  22   2              for (j = 0; j < 113; j++);
  23   2          }
  24   1      }


MODULE INFORMATION:   STATIC OVERLAYABLE
   CODE SIZE        =     54    ----
   CONSTANT SIZE    =   ----    ----
   XDATA SIZE       =   ----    ----
   PDATA SIZE       =   ----    ----
   DATA SIZE        =   ----    ----
   IDATA SIZE       =   ----    ----
   BIT SIZE         =   ----    ----
END OF MODULE INFORMATION.


C51 COMPILATION COMPLETE.  0 WARNING(S),  0 ERROR(S)
